  0.003, -0.023, -0.001
 -0.185,  1.238, -0.137
 -0.296,  2.395, -0.300
 -0.556,  3.634, -0.431
 -0.941,  4.795, -0.487
 -1.236,  5.811, -0.621
 -1.630,  6.795, -0.716
 -1.874,  7.817, -0.902
 -2.203,  8.887, -0.995
 -2.448,  9.803, -1.145
 -2.726, 10.683, -1.360
 -3.099, 11.503, -1.420
 -3.503, 12.327, -1.598
 -3.892, 13.156, -1.719
 -4.340, 13.980, -1.850
 -4.767, 14.678, -1.952
 -5.189, 15.421, -2.106
 -5.617, 16.119, -2.197
 -6.080, 16.852, -2.347
 -6.495, 17.523, -2.467
 -7.039, 18.102, -2.566
 -7.536, 18.719, -2.694
 -8.094, 19.236, -2.798
 -8.526, 19.753, -2.905
 -9.105, 20.277, -2.995
 -9.709, 20.810, -3.109
-10.352, 21.313, -3.230
-10.973, 21.793, -3.342
-11.608, 22.299, -3.500
-12.382, 22.715, -3.618
-13.020, 23.124, -3.710
-13.729, 23.465, -3.844
-14.467, 23.917, -4.053
-15.172, 24.306, -4.173
-15.791, 24.711, -4.323
-16.608, 25.044, -4.518
-17.387, 25.403, -4.655
-18.168, 25.712, -4.703
-18.811, 26.036, -4.954
-19.610, 26.287, -5.033
-20.524, 26.603, -5.165
-21.404, 26.900, -5.286
-22.308, 27.161, -5.458
-23.195, 27.418, -5.603
-24.036, 27.640, -5.772
-24.915, 27.834, -5.900
-25.862, 28.071, -6.067
-26.884, 28.282, -6.242
-27.764, 28.416, -6.378
-28.760, 28.601, -6.545
-29.695, 28.632, -6.743
-30.716, 28.856, -6.894
-31.757, 29.017, -7.137
-32.796, 29.198, -7.255
-33.847, 29.252, -7.470
-34.849, 29.398, -7.600
-35.979, 29.577, -7.813
-37.082, 29.714, -7.896
-38.222, 29.834, -8.113
-39.292, 29.929, -8.218
-40.379, 30.045, -8.352
-41.570, 30.251, -8.537
-42.745, 30.328, -8.667
-43.895, 30.501, -8.778
-45.112, 30.681, -8.850
-46.319, 30.781, -8.925
-47.589, 30.852, -9.116
-48.878, 30.866, -9.277
-50.078, 30.970, -9.236
-51.350, 30.948, -9.427
-52.573, 30.993, -9.563
-53.882, 30.993, -9.701
-55.227, 31.039, -9.866
-56.523, 31.094, -9.985
-57.817, 31.112,-10.050
-59.173, 31.237,-10.113
-60.499, 31.360,-10.191
-61.893, 31.453,-10.335
-63.297, 31.470,-10.465
-64.702, 31.466,-10.732
-66.067, 31.555,-10.882
-67.405, 31.524,-10.944
-68.798, 31.564,-11.006
-70.155, 31.564,-11.128
-71.479, 31.608,-11.084
-72.872, 31.590,-11.182
-74.272, 31.668,-11.173
-75.682, 31.648,-11.263
-77.058, 31.650,-11.341
-78.488, 31.639,-11.461
-79.865, 31.606,-11.544
-81.249, 31.626,-11.711
-82.657, 31.615,-11.732
-84.029, 31.685,-11.712
-85.427, 31.641,-11.953
-86.767, 31.714,-11.956
-88.147, 31.663,-12.084
-89.532, 31.706,-12.090
-90.942, 31.581,-12.191
-92.344, 31.602,-12.327
-93.669, 31.528,-12.382
-95.000, 31.436,-12.385
-96.315, 31.546,-12.293
-97.675, 31.623,-12.326
-99.013, 31.509,-12.403
-100.371, 31.535,-12.478
-101.660, 31.400,-12.571
-102.966, 31.444,-12.468
-104.284, 31.398,-12.447
-105.580, 31.364,-12.439
-106.892, 31.174,-12.520
-108.160, 31.047,-12.630
-109.383, 31.038,-12.648
-110.644, 31.133,-12.651
-111.867, 30.948,-12.726
-113.092, 30.736,-12.797
-114.327, 30.671,-12.709
-115.487, 30.585,-12.708
-116.730, 30.653,-12.742
-117.889, 30.638,-12.759
-119.116, 30.636,-12.710
-120.258, 30.595,-12.689
-121.326, 30.557,-12.637
-122.441, 30.598,-12.558
-123.510, 30.547,-12.548
-124.608, 30.573,-12.554
-125.699, 30.609,-12.486
-126.737, 30.792,-12.437
-127.851, 30.802,-12.429
-128.916, 30.787,-12.371
-129.960, 30.790,-12.335
-130.927, 30.810,-12.245
-132.037, 30.795,-12.202
-132.971, 30.831,-12.145
-133.937, 30.731,-12.116
-134.878, 30.778,-12.148
-135.862, 30.763,-12.107
-136.814, 30.594,-12.151
-137.734, 30.525,-12.126
-138.578, 30.586,-12.057
-139.468, 30.515,-12.003
-140.298, 30.517,-11.972
-141.127, 30.360,-11.903
-141.912, 30.323,-11.903
-142.757, 30.365,-11.871
-143.531, 30.445,-11.875
-144.275, 30.257,-11.826
-145.104, 30.309,-11.818
-145.873, 30.406,-11.705
-146.708, 30.432,-11.606
-147.461, 30.345,-11.633
-148.211, 30.408,-11.590
-148.974, 30.255,-11.565
-149.717, 30.293,-11.547
-150.491, 30.433,-11.479
-151.283, 30.420,-11.460
-151.995, 30.500,-11.455
-152.736, 30.484,-11.386
-153.353, 30.528,-11.270
-154.023, 30.675,-11.238
-154.758, 30.852,-11.199
-155.439, 30.715,-11.147
-156.160, 30.628,-11.186
-156.722, 30.610,-11.135
-157.389, 30.412,-11.112
-158.005, 30.368,-11.077
-158.524, 30.360,-10.950
-159.134, 30.329,-10.912
-159.658, 30.311,-10.859
-160.232, 30.423,-10.801
-160.767, 30.570,-10.781
-161.324, 30.456,-10.792
-161.805, 30.411,-10.741
-162.414, 30.159,-10.698
-162.959, 30.114,-10.651
-163.456, 30.203,-10.603
-163.955, 30.287,-10.602
-164.404, 30.415,-10.571
-164.861, 30.513,-10.553
-165.341, 30.506,-10.544
-165.866, 30.549,-10.503
-166.303, 30.661,-10.492
-166.821, 30.690,-10.451
-167.256, 30.830,-10.408
-167.665, 30.790,-10.346
-168.163, 30.762,-10.252
-168.661, 30.958,-10.277
-169.043, 30.769,-10.199
-169.474, 30.931,-10.157
-169.834, 30.894,-10.088
-170.279, 30.935,-10.035
-170.601, 30.866, -9.922
-171.066, 31.004, -9.923
-171.423, 31.055, -9.840
-171.819, 31.017, -9.818
-172.250, 30.970, -9.726
-172.631, 30.907, -9.691
-173.007, 30.925, -9.622
-173.308, 31.055, -9.608
-173.676, 31.042, -9.596
-173.958, 31.046, -9.560
-174.245, 31.019, -9.532
-174.466, 31.048, -9.531
-174.736, 31.127, -9.526
-175.029, 31.097, -9.468
-175.320, 31.201, -9.421
-175.716, 31.166, -9.395
-176.009, 31.074, -9.324
-176.353, 30.867, -9.252
-176.697, 30.877, -9.238
-177.008, 30.946, -9.173
-177.210, 31.058, -9.148
-177.455, 31.064, -9.121
-177.625, 31.064, -9.079
-177.916, 30.987, -9.054
-178.013, 31.045, -9.028
-178.281, 31.096, -9.008
-178.456, 31.170, -9.070
-178.672, 31.160, -9.067
-178.895, 31.123, -9.032
-179.163, 30.983, -8.975
-179.479, 30.845, -8.937
-179.697, 30.724, -8.865
-179.892, 30.808, -8.845
-180.084, 30.725, -8.827
-180.217, 30.775, -8.835
-180.485, 30.854, -8.798
-180.739, 30.957, -8.732
-180.974, 31.024, -8.690
-181.184, 31.081, -8.630
-181.380, 31.001, -8.574
-181.570, 30.834, -8.498
-181.811, 30.886, -8.459
-181.996, 30.783, -8.374
-182.186, 30.827, -8.373
-182.328, 30.968, -8.362
-182.399, 30.972, -8.354
-182.535, 30.887, -8.347
-182.706, 30.891, -8.351
-182.973, 30.990, -8.320
-183.200, 31.013, -8.233
-183.360, 30.998, -8.172
-183.527, 31.101, -8.198
-183.700, 31.157, -8.160
-183.838, 31.116, -8.143
-183.992, 31.129, -8.181
-184.159, 31.151, -8.192
-184.336, 31.196, -8.151
-184.531, 31.230, -8.115
-184.649, 31.354, -8.146
-184.799, 31.299, -8.105
-184.878, 31.193, -8.039
-185.038, 31.146, -8.050
-185.146, 30.969, -7.942
-185.338, 31.026, -7.993
-185.327, 31.073, -8.006
-185.456, 31.092, -7.990
-185.701, 31.208, -8.010
-185.948, 31.418, -8.020
-186.050, 31.320, -7.999
-186.120, 31.316, -7.905
-186.265, 31.438, -7.913
-186.350, 31.276, -7.868
-186.429, 31.280, -7.850
-186.518, 31.309, -7.888
-186.636, 31.466, -7.887
-186.712, 31.380, -7.807
-186.837, 31.179, -7.693
-187.010, 31.383, -7.720
-187.202, 31.419, -7.673
-187.330, 31.374, -7.695
-187.434, 31.401, -7.702
-187.489, 31.465, -7.636
-187.615, 31.502, -7.607
-187.739, 31.476, -7.562
-187.792, 31.603, -7.604
-187.953, 31.583, -7.573
-188.078, 31.658, -7.602
-188.087, 31.565, -7.563
-188.223, 31.537, -7.521
-188.278, 31.611, -7.524
-188.363, 31.662, -7.548
-188.443, 31.630, -7.565
-188.487, 31.610, -7.549
-188.520, 31.547, -7.543
-188.481, 31.751, -7.569
-188.565, 31.786, -7.526
-188.688, 31.581, -7.483
-188.815, 31.613, -7.531
-188.906, 31.495, -7.479
-188.995, 31.604, -7.484
-188.931, 31.573, -7.530
-189.017, 31.489, -7.538
-189.075, 31.496, -7.528
-189.197, 31.363, -7.484
-189.300, 31.436, -7.480
-189.340, 31.445, -7.477
-189.432, 31.393, -7.429
-189.479, 31.500, -7.363
-189.510, 31.433, -7.388
-189.604, 31.553, -7.427
-189.640, 31.705, -7.441
-189.685, 31.807, -7.438
-189.691, 31.692, -7.392
-189.732, 31.743, -7.364
-189.796, 31.686, -7.363
-189.863, 31.645, -7.339
-189.814, 31.508, -7.274
-189.932, 31.485, -7.261
-190.003, 31.321, -7.146
-190.109, 31.126, -7.087
-190.093, 31.154, -7.091
-190.096, 31.068, -7.052
-190.119, 31.106, -7.106
-190.100, 31.139, -7.124
-190.137, 30.977, -7.122
-190.225, 30.940, -7.104
-190.312, 30.896, -7.038
-190.300, 30.915, -7.039
-190.315, 30.901, -7.007
-190.387, 30.953, -7.067
-190.321, 30.822, -7.017
-190.383, 30.832, -6.944
-190.401, 31.022, -7.006
-190.449, 31.027, -6.967
-190.423, 30.997, -6.886
-190.495, 30.970, -6.853
-190.564, 31.009, -6.832
-190.624, 30.942, -6.821
-190.662, 31.052, -6.875
-190.691, 31.148, -6.913
-190.668, 31.247, -6.910
-190.751, 31.133, -6.920
-190.811, 31.189, -6.936
-190.827, 31.222, -6.982
-190.882, 31.242, -7.009
-190.858, 31.394, -7.070
-190.906, 31.429, -7.028
-191.021, 31.507, -7.045
-191.050, 31.364, -7.064
-191.083, 31.420, -7.042
-191.097, 31.536, -7.046
-191.108, 31.627, -7.064
-191.224, 31.642, -7.051
-191.307, 31.707, -7.061
-191.365, 31.745, -7.071
-191.396, 31.719, -7.056
-191.523, 31.822, -7.065
-191.511, 31.847, -7.039
-191.496, 31.998, -7.094
-191.523, 31.829, -7.086
-191.470, 31.666, -7.054
-191.579, 31.664, -7.049
-191.574, 31.633, -7.030
-191.575, 31.563, -7.015
-191.591, 31.586, -7.028
-191.549, 31.523, -6.987
-191.599, 31.605, -6.972
-191.665, 31.450, -6.903
-191.635, 31.424, -6.918
-191.652, 31.471, -6.885
-191.662, 31.582, -6.849
-191.731, 31.868, -6.996
-191.830, 31.736, -6.967
-191.913, 31.740, -6.925
-191.890, 31.637, -6.936
-191.878, 31.629, -6.894
-191.907, 31.604, -6.899
-191.823, 31.748, -6.965
-191.921, 31.896, -7.030
-191.904, 31.795, -7.043
-191.920, 31.865, -6.997
-191.922, 31.820, -6.984
-192.013, 31.910, -7.040
-192.062, 31.939, -7.033
-192.043, 31.939, -7.022
-192.077, 31.883, -7.024
-192.172, 31.714, -6.957
-192.192, 31.662, -6.931
-192.089, 31.797, -6.989
-192.132, 31.799, -6.964
-192.193, 31.716, -6.895
-192.154, 31.983, -6.961
-192.103, 31.976, -6.996
-192.215, 32.095, -7.031
-192.248, 32.031, -7.052
-192.306, 31.923, -7.010
-192.305, 32.088, -7.065
-192.362, 31.932, -7.041
-192.431, 31.890, -7.050
-192.418, 31.740, -7.042
-192.441, 31.622, -7.032
-192.471, 31.468, -7.059
-192.539, 31.592, -7.098
-192.642, 31.570, -7.088
-192.698, 31.562, -7.010
-192.601, 31.401, -6.984
-192.644, 31.601, -7.015
-192.650, 31.485, -7.006
-192.689, 31.643, -7.028
-192.715, 31.586, -7.087
-192.742, 31.609, -7.097
-192.789, 31.618, -7.125
-192.754, 31.555, -7.123
-192.745, 31.493, -7.118
-192.712, 31.444, -7.164
-192.743, 31.488, -7.173
-192.760, 31.530, -7.191
-192.779, 31.565, -7.148
-192.822, 31.627, -7.134
-192.917, 31.610, -7.078
-192.883, 31.668, -7.085
-192.830, 31.593, -7.047
-192.880, 31.710, -7.041
-192.885, 31.836, -7.057
-192.944, 31.711, -7.006
-192.960, 31.576, -7.007
-193.004, 31.520, -7.016
-193.038, 31.509, -7.003
-192.932, 31.434, -6.973
-193.031, 31.475, -6.997
-192.987, 31.363, -6.974
-192.948, 31.351, -7.029
-192.907, 31.341, -7.050
-193.003, 31.340, -7.033
-193.027, 31.626, -7.119
-193.006, 31.894, -7.070
-192.986, 31.782, -7.039
-193.068, 31.708, -7.010
-193.043, 31.645, -7.040
-193.001, 31.747, -7.077
-192.969, 31.776, -7.003
-192.951, 31.783, -7.035
-192.906, 31.709, -7.038
-192.910, 31.831, -7.071
-192.959, 31.755, -7.015
-192.989, 31.643, -7.005
-193.082, 31.663, -7.021
-193.091, 31.599, -6.988
-193.088, 31.845, -7.123
-193.042, 31.904, -7.170
-193.077, 31.899, -7.154
-193.151, 32.028, -7.113
-193.191, 32.070, -7.141
-193.292, 31.983, -7.083
-193.318, 31.943, -7.043
-193.351, 32.076, -7.109
-193.370, 32.098, -7.126
-193.422, 32.243, -7.178
-193.429, 32.201, -7.156
-193.368, 32.278, -7.225
-193.339, 32.336, -7.185
-193.407, 32.080, -7.109
-193.460, 32.166, -7.140
-193.510, 32.229, -7.193
-193.585, 32.141, -7.110
-193.532, 31.997, -7.039
-193.551, 31.798, -6.989
-193.488, 31.740, -6.954
-193.446, 31.823, -6.995
-193.473, 31.683, -6.934
-193.567, 31.785, -6.935
-193.504, 31.552, -6.860
-193.506, 31.360, -6.811
-193.473, 31.377, -6.844
-193.529, 31.470, -6.858
-193.536, 31.439, -6.851
-193.632, 31.423, -6.798
-193.535, 31.388, -6.793
-193.547, 31.408, -6.796
-193.569, 31.382, -6.738
-193.570, 31.482, -6.785
-193.558, 31.595, -6.839
-193.568, 31.665, -6.867
-193.532, 31.605, -6.873
-193.565, 31.540, -6.840
-193.550, 31.617, -6.899
-193.542, 31.444, -6.855
-193.588, 31.349, -6.880
-193.522, 31.320, -6.949
-193.555, 31.319, -6.953
-193.603, 31.469, -6.983
-193.592, 31.351, -6.961
-193.614, 31.460, -6.986
-193.583, 31.526, -7.030
-193.544, 31.431, -6.983
-193.516, 31.512, -7.025
-193.601, 31.564, -7.075
-193.556, 31.598, -7.088
-193.539, 31.677, -7.128
-193.508, 31.571, -7.111
-193.451, 31.496, -7.074
-193.436, 31.623, -7.117
-193.426, 31.585, -7.110
-193.463, 31.693, -7.101
-193.488, 31.622, -7.034
-193.536, 31.733, -7.058
-193.537, 31.513, -6.978
-193.502, 31.580, -6.990
-193.523, 31.429, -6.919
-193.567, 31.444, -6.891
-193.582, 31.433, -6.992
-193.693, 31.408, -6.986
-193.649, 31.338, -6.950
-193.652, 31.238, -6.919
-193.664, 31.120, -6.866
-193.650, 31.228, -6.855
-193.653, 31.286, -6.900
-193.656, 31.040, -6.756
-193.591, 31.007, -6.774
-193.626, 31.042, -6.767
-193.695, 31.116, -6.797
-193.681, 31.094, -6.841
-193.675, 31.104, -6.836
-193.735, 31.149, -6.845
-193.701, 31.434, -6.969
-193.710, 31.503, -6.943
-193.700, 31.462, -6.951
-193.696, 31.472, -6.993
-193.712, 31.418, -6.982
-193.659, 31.409, -6.979
-193.695, 31.479, -6.965
-193.630, 31.433, -6.969
-193.632, 31.489, -6.943
-193.570, 31.408, -6.902
-193.581, 31.261, -6.842
-193.633, 31.253, -6.781
-193.559, 31.262, -6.791
-193.580, 31.253, -6.758
-193.597, 31.372, -6.798
-193.611, 31.313, -6.813
-193.619, 31.306, -6.809
-193.596, 31.140, -6.746
-193.582, 31.260, -6.817
-193.562, 31.294, -6.802
-193.605, 31.259, -6.774
-193.670, 31.437, -6.836
-193.684, 31.523, -6.892
-193.706, 31.330, -6.839
-193.718, 31.395, -6.835
-193.703, 31.235, -6.801
-193.646, 31.353, -6.862
-193.641, 31.480, -6.876
-193.663, 31.361, -6.834
-193.727, 31.257, -6.823
-193.700, 31.288, -6.858
-193.694, 31.367, -6.875
-193.622, 31.313, -6.844
-193.649, 31.173, -6.765
-193.660, 30.979, -6.765
-193.733, 30.881, -6.739
-193.660, 30.748, -6.663
-193.678, 30.756, -6.639
-193.755, 30.806, -6.617
-193.793, 30.899, -6.637
-193.766, 30.991, -6.684
-193.824, 30.941, -6.654
-193.731, 30.952, -6.703
-193.804, 30.976, -6.634
-193.731, 31.009, -6.649
-193.777, 31.051, -6.601
-193.815, 31.040, -6.578
-193.798, 30.951, -6.576
-193.775, 31.002, -6.597
-193.831, 30.885, -6.539
-193.857, 31.015, -6.529
-193.802, 31.087, -6.621
-193.732, 31.141, -6.689
-193.836, 31.120, -6.702
-193.899, 31.124, -6.688
-193.860, 31.214, -6.764
-193.835, 31.224, -6.765
-193.806, 31.333, -6.824
-193.879, 31.262, -6.777
-193.914, 31.160, -6.725
-193.829, 31.220, -6.761
-193.897, 31.196, -6.721
-193.891, 31.161, -6.730
-193.906, 31.159, -6.734
-193.863, 30.948, -6.630
-193.847, 30.824, -6.564
-193.839, 30.955, -6.570
-193.825, 31.101, -6.611
-193.875, 31.032, -6.589
-193.856, 31.014, -6.601
-193.814, 30.877, -6.604
-193.754, 30.936, -6.603
-193.742, 30.948, -6.665
-193.720, 30.956, -6.685
-193.725, 30.919, -6.663
-193.685, 30.888, -6.601
-193.641, 30.891, -6.617
-193.621, 30.734, -6.601
-193.585, 30.553, -6.535
-193.567, 30.653, -6.642
-193.592, 30.617, -6.615
-193.545, 30.612, -6.673
-193.582, 30.724, -6.676
-193.501, 30.902, -6.733
-193.427, 30.944, -6.746
-193.479, 31.129, -6.843
-193.484, 31.169, -6.817
-193.415, 31.209, -6.839
-193.448, 31.282, -6.858
-193.363, 31.216, -6.826
-193.424, 31.355, -6.827
-193.391, 31.350, -6.816
-193.350, 31.503, -6.894
-193.348, 31.474, -6.863
-193.468, 31.565, -6.911
-193.469, 31.469, -6.899
-193.562, 31.587, -6.918
-193.585, 31.591, -6.935
-193.624, 31.580, -6.906
-193.622, 31.568, -6.912
-193.605, 31.594, -6.954
-193.659, 31.595, -7.012
-193.645, 31.467, -7.011
-193.630, 31.508, -7.003
-193.615, 31.639, -7.031
-193.621, 31.607, -7.035
-193.628, 31.521, -6.968
-193.674, 31.379, -6.936
-193.732, 31.401, -6.919
-193.765, 31.328, -6.828
-193.756, 31.280, -6.815
-193.722, 31.359, -6.859
-193.679, 31.272, -6.843
-193.659, 31.260, -6.852
-193.649, 31.300, -6.816
-193.730, 31.322, -6.816
-193.692, 31.315, -6.850
-193.656, 31.352, -6.882
-193.662, 31.262, -6.829
-193.634, 31.218, -6.791
-193.591, 31.077, -6.711
-193.580, 31.198, -6.798
-193.586, 31.257, -6.824
-193.549, 31.259, -6.819
-193.487, 31.310, -6.782
-193.602, 31.302, -6.797
-193.556, 31.336, -6.809
-193.560, 31.233, -6.754
-193.582, 31.099, -6.696
-193.620, 31.135, -6.699
-193.663, 31.122, -6.657
-193.749, 31.178, -6.686
-193.800, 31.244, -6.736
-193.886, 31.296, -6.773
-193.839, 31.248, -6.821
-193.874, 31.347, -6.841
-193.849, 31.427, -6.878
-193.930, 31.360, -6.861
-193.915, 31.341, -6.819
-193.945, 31.215, -6.696
-193.924, 31.316, -6.695
-193.961, 31.290, -6.647
-193.954, 30.990, -6.545
-193.955, 31.110, -6.572
-193.895, 31.177, -6.564
-193.888, 31.168, -6.582
-193.871, 31.222, -6.641
-193.790, 31.170, -6.670
-193.737, 31.352, -6.750
-193.728, 31.475, -6.740
-193.728, 31.565, -6.702
-193.690, 31.698, -6.758
-193.658, 31.657, -6.757
-193.687, 31.535, -6.726
-193.666, 31.591, -6.730
-193.575, 31.559, -6.735
-193.524, 31.412, -6.707
-193.512, 31.460, -6.761
-193.525, 31.559, -6.778
-193.600, 31.814, -6.828
-193.570, 31.825, -6.828
-193.579, 31.827, -6.828
-193.565, 31.781, -6.927
-193.574, 31.729, -6.917
-193.517, 31.718, -6.910
-193.578, 31.724, -6.883
-193.604, 31.817, -6.910
-193.666, 31.891, -6.957
-193.631, 31.916, -7.015
-193.692, 31.901, -6.960
-193.696, 31.844, -6.945
-193.644, 32.031, -6.950
-193.547, 31.956, -6.973
-193.506, 32.103, -7.054
-193.483, 31.961, -7.035
-193.490, 31.872, -7.000
-193.523, 31.886, -7.063
-193.503, 31.974, -7.119
-173.675, 34.083,  4.731
-165.298, 50.991,  6.939
-169.740, 39.678,  1.113
-176.605, 22.778,-13.974
-184.277,  4.188,342.753
-187.541, -3.184,336.908
-183.587,-11.965,321.577
-177.036,-18.052,304.047
-170.912,-24.061,293.063
-162.074,-27.840,294.164
-167.038,-24.221,309.939
-171.979,-25.275,313.427
-171.632,-31.672,315.292
-174.733,-32.975,321.431
-178.247,-28.947,334.012
-185.008,-15.785,343.806
-184.175, -8.415, -9.705
-182.773, -2.043, -1.399
-179.564,  5.652, 10.354
-178.827, 10.033, 15.873
-177.166, 11.617, 19.560
-174.154, 12.475, 22.155
-170.512, 11.883, 24.867
-159.531, 21.215, 24.719
-150.246, 25.653, 30.844
-136.974, 35.803, 30.951
-115.978, 50.776, 53.525
-97.946, 57.142, 66.012
-94.527, 58.795, 68.219
-88.915, 62.649, 77.754
-99.214, 65.506, 79.506
-113.844, 63.948, 66.438
-128.194, 59.675, 54.721
-131.186, 58.091, 51.147
-137.043, 58.055, 36.928
-140.575, 57.856, 33.385
-143.962, 57.749, 30.169
-144.699, 56.039, 28.624
-140.227, 53.224, 31.264
-137.329, 49.492, 32.269
-137.140, 47.025, 31.458
-138.342, 46.634, 30.057
-139.222, 46.711, 29.095
-140.145, 46.328, 27.929
-141.302, 45.822, 26.645
-142.575, 45.333, 25.374
-143.631, 45.047, 24.348
-144.627, 44.773, 23.339
-145.648, 44.482, 22.286
-146.785, 44.114, 21.173
-147.797, 43.807, 20.255
-148.644, 43.528, 19.378
-149.565, 43.189, 18.458
-150.308, 42.797, 17.645
-151.188, 42.358, 16.765
-151.987, 42.022, 16.009
-152.876, 41.826, 15.241
-153.622, 41.801, 14.538
-154.458, 41.666, 13.843
-155.272, 41.334, 13.131
-156.049, 41.115, 12.480
-156.763, 40.882, 11.848
-157.518, 40.930, 11.286
-158.239, 40.753, 10.691
-158.922, 40.604, 10.084
-159.547, 40.506,  9.542
-160.136, 40.464,  9.024
-160.794, 40.367,  8.509
-161.453, 40.119,  8.046
-162.052, 39.918,  7.597
-162.659, 39.790,  7.137
-163.359, 39.725,  6.688
-164.011, 39.460,  6.209
-164.691, 39.384,  5.781
-165.369, 39.341,  5.344
-166.023, 39.278,  4.957
-166.629, 39.111,  4.605
-167.212, 39.095,  4.218
-167.800, 38.962,  3.883
-168.364, 38.834,  3.535
-168.968, 38.779,  3.212
-169.676, 38.650,  2.891
-170.232, 38.582,  2.592
-170.751, 38.418,  2.403
-171.276, 38.253,  2.093
-171.767, 38.090,  1.786
-172.297, 37.778,  1.571
-172.742, 37.723,  1.376
-173.215, 37.647,  1.104
-173.715, 37.538,  0.903
-174.195, 37.252,  0.733
-174.759, 36.768,  0.327
-175.198, 36.775,  0.256
-175.654, 36.747,  0.059
-176.141, 36.263, -0.289
-176.621, 36.088, -0.536
-176.989, 36.177, -0.658
-177.308, 36.573, -0.722
-177.604, 36.867, -0.749
-175.691, 36.648, -0.072
-176.271, 36.795, -0.291
-176.772, 36.453, -0.589
-177.254, 36.327, -0.669
-177.678, 36.485, -0.778
-178.107, 36.515, -0.912
-178.604, 36.368, -1.088
-179.118, 36.414, -1.287
-179.576, 36.514, -1.422
-180.047, 36.468, -1.557
-180.448, 36.502, -1.671
-180.941, 36.536, -1.819
-181.486, 36.656, -1.995
-181.933, 36.548, -2.057
-182.409, 36.621, -2.172
-182.860, 36.608, -2.361
-183.234, 36.517, -2.443
-183.662, 36.685, -2.582
-184.059, 36.561, -2.611
-184.442, 36.461, -2.659
-184.936, 36.414, -2.753
-185.304, 36.385, -2.861
-185.660, 36.374, -2.924
-186.021, 36.412, -3.014
-186.383, 36.502, -3.102
-186.737, 36.530, -3.204
-187.141, 36.526, -3.255
-187.463, 36.601, -3.297
-187.686, 36.669, -3.384
-187.947, 36.623, -3.393
-188.310, 36.625, -3.422
-188.681, 36.683, -3.509
-189.060, 36.801, -3.591
-189.453, 36.751, -3.608
-189.678, 36.668, -3.646
-189.885, 36.690, -3.637
-190.219, 36.676, -3.690
-190.431, 36.553, -3.672
-190.709, 36.419, -3.657
-191.014, 36.415, -3.691
-191.270, 36.487, -3.735
-191.520, 36.401, -3.787
-191.920, 36.486, -3.907
-192.181, 36.443, -3.942
-192.508, 36.414, -3.982
-192.720, 36.356, -4.088
-192.991, 36.233, -4.016
-193.274, 36.394, -4.102
-193.635, 36.448, -4.235
-193.845, 36.127, -4.119
-194.129, 36.298, -4.190
-194.342, 36.366, -4.215
-194.664, 36.478, -4.289
-194.863, 36.529, -4.406
-195.058, 36.483, -4.391
-195.239, 36.421, -4.376
-195.472, 36.337, -4.381
-195.700, 36.292, -4.376
-196.034, 36.281, -4.403
-196.230, 36.182, -4.375
-196.453, 36.128, -4.338
-196.623, 35.982, -4.261
-196.771, 36.059, -4.275
-196.996, 36.167, -4.317
-197.271, 36.079, -4.289
-197.524, 36.095, -4.333
-197.645, 36.128, -4.337
-197.791, 36.180, -4.368
-198.052, 36.295, -4.477
-198.229, 36.434, -4.541
-198.406, 36.416, -4.597
-198.607, 36.562, -4.634
-198.757, 36.563, -4.627
-198.871, 36.679, -4.640
-199.012, 36.680, -4.661
-199.098, 36.668, -4.702
-199.250, 36.611, -4.690
-199.319, 36.398, -4.621
-199.442, 36.288, -4.562
-199.609, 36.383, -4.589
-199.813, 36.498, -4.621
-199.991, 36.535, -4.592
-200.195, 36.516, -4.460
-200.368, 36.539, -4.466
-200.502, 36.510, -4.512
-200.614, 36.422, -4.483
-200.704, 36.534, -4.546
-200.936, 36.406, -4.395
-201.073, 36.344, -4.357
-201.255, 36.249, -4.306
-201.350, 36.117, -4.268
-201.363, 35.936, -4.184
-201.449, 35.908, -4.140
-201.581, 35.973, -4.153
-201.657, 35.893, -4.110
-201.780, 35.896, -4.118
-201.965, 35.968, -4.099
-202.089, 35.770, -4.095
-202.248, 35.841, -4.103
-202.312, 35.769, -4.100
-202.509, 35.774, -4.055
-202.585, 35.777, -4.050
-202.707, 35.865, -4.085
-202.771, 35.861, -4.099
-202.810, 35.801, -4.095
-202.956, 35.828, -4.124
-203.034, 35.886, -4.107
-203.086, 35.921, -4.083
-203.240, 35.963, -4.091
-203.261, 35.923, -4.069
-203.467, 35.941, -4.043
-203.539, 35.976, -3.995
-203.698, 35.898, -3.943
-203.742, 35.929, -3.949
-203.785, 35.976, -3.942
-203.908, 36.015, -3.943
-204.054, 35.999, -3.949
-204.075, 35.948, -3.919
-204.153, 35.986, -3.957
-204.119, 35.994, -3.908
-204.169, 36.018, -3.902
-204.190, 36.016, -3.890
-204.240, 36.092, -3.891
-204.285, 36.070, -3.880
-204.304, 35.863, -3.773
-204.458, 35.977, -3.766
-204.382, 35.977, -3.767
-204.554, 36.013, -3.750
-204.687, 36.076, -3.785
-204.676, 36.020, -3.784
-204.893, 36.056, -3.845
-205.006, 36.273, -3.961
-205.029, 36.296, -3.953
-205.072, 36.296, -3.949
-205.136, 36.290, -3.940
-205.395, 36.386, -3.996
-205.425, 36.282, -3.990
-205.517, 36.220, -3.908
-205.625, 36.236, -3.951
-205.720, 36.139, -3.914
-205.748, 36.219, -3.942
-205.781, 36.099, -3.959
-205.841, 36.166, -3.966
-205.938, 36.224, -3.973
-206.055, 36.215, -3.937
-206.137, 36.259, -3.887
-206.158, 36.123, -3.843
-206.247, 36.145, -3.829
-206.247, 36.211, -3.892
-206.316, 36.133, -3.850
-206.458, 36.223, -3.875
-206.482, 36.159, -3.912
-206.474, 36.117, -3.940
-206.561, 36.060, -3.922
-206.580, 36.047, -3.855
-206.602, 36.106, -3.869
-206.734, 36.144, -3.927
-206.690, 36.027, -3.855
-206.767, 36.054, -3.854
-206.770, 36.023, -3.805
-206.823, 36.099, -3.851
-206.876, 36.222, -3.908
-206.871, 36.160, -3.803
-206.869, 36.039, -3.736
-206.843, 36.061, -3.737
-206.830, 36.088, -3.730
-206.831, 36.077, -3.677
-206.924, 36.197, -3.736
-206.887, 36.083, -3.684
-206.880, 35.906, -3.574
-206.952, 36.004, -3.621
-206.913, 35.905, -3.560
-206.937, 35.808, -3.533
-207.026, 35.776, -3.488
-207.048, 35.708, -3.427
-207.079, 35.692, -3.462
-207.070, 35.587, -3.397
-207.176, 35.673, -3.488
-207.117, 35.668, -3.466
-207.199, 35.674, -3.450
-207.241, 35.714, -3.469
-207.224, 35.712, -3.439
-207.288, 35.736, -3.433
-207.300, 35.715, -3.394
-207.390, 35.742, -3.401
-207.460, 35.818, -3.366
-207.496, 35.732, -3.247
-207.470, 35.739, -3.227
-207.432, 35.639, -3.197
-207.390, 35.545, -3.114
-207.471, 35.694, -3.109
-207.433, 35.629, -3.130
-207.441, 35.660, -3.099
-207.454, 35.510, -3.096
-207.422, 35.513, -3.089
-207.431, 35.611, -3.142
-207.498, 35.617, -3.069
-207.562, 35.622, -3.091
-207.540, 35.640, -3.119
-207.614, 35.735, -3.181
-207.743, 35.920, -3.281
-207.768, 36.001, -3.305
-207.780, 35.823, -3.253
-207.771, 35.795, -3.267
-207.788, 35.782, -3.254
-207.777, 35.682, -3.196
-207.825, 35.687, -3.127
-207.885, 35.626, -3.124
-207.825, 35.693, -3.256
-207.892, 35.828, -3.308
-207.941, 35.738, -3.242
-207.954, 35.818, -3.263
-207.871, 35.849, -3.297
-207.845, 35.912, -3.339
-207.945, 35.923, -3.351
-207.984, 35.979, -3.403
-207.972, 35.950, -3.407
-207.928, 35.964, -3.427
-207.973, 35.920, -3.403
-207.908, 35.884, -3.378
-207.981, 35.950, -3.425
-208.070, 36.053, -3.454
-208.190, 36.151, -3.467
-208.320, 36.164, -3.485
-208.273, 36.049, -3.431
-208.304, 36.096, -3.424
-208.224, 35.974, -3.339
-208.240, 35.964, -3.224
-208.243, 35.988, -3.243
-208.328, 36.003, -3.227
-208.242, 35.945, -3.180
-208.260, 36.002, -3.192
-208.354, 36.018, -3.202
-208.361, 35.962, -3.161
-208.516, 36.069, -3.279
-208.461, 36.059, -3.259
-208.519, 36.058, -3.268
-208.527, 36.150, -3.280
-208.555, 36.109, -3.268
-208.579, 36.082, -3.235
-208.666, 36.060, -3.196
-208.692, 35.971, -3.146
-208.642, 35.923, -3.108
-208.805, 35.933, -3.066
-208.828, 35.767, -2.959
-208.759, 35.832, -3.034
-208.800, 35.855, -3.008
-208.816, 35.870, -2.972
-208.819, 35.942, -2.960
-208.741, 35.948, -2.991
-208.695, 35.932, -2.948
-208.622, 35.941, -2.914
-208.660, 35.869, -2.885
-208.712, 35.962, -2.879
-208.680, 35.945, -2.864
-208.658, 35.959, -2.915
-208.660, 36.115, -3.062
-208.766, 36.189, -3.124
-208.722, 36.101, -3.016
-208.804, 36.239, -3.051
-208.832, 36.266, -3.050
-208.845, 36.239, -3.029
-208.803, 36.232, -3.037
-208.782, 36.119, -3.017
-208.754, 36.105, -3.027
-208.670, 36.111, -3.009
-208.522, 35.821, -2.893
-208.501, 35.707, -2.855
-208.567, 35.756, -2.913
-208.516, 35.739, -2.925
-208.507, 35.762, -2.975
-208.542, 35.710, -2.896
-208.506, 35.637, -2.914
-208.531, 35.529, -2.813
-208.513, 35.552, -2.802
-208.503, 35.548, -2.833
-208.470, 35.652, -2.896
-208.534, 35.648, -2.883
-208.518, 35.548, -2.855
-208.544, 35.531, -2.845
-208.589, 35.554, -2.919
-208.592, 35.621, -2.913
-208.657, 35.645, -2.911
-208.730, 35.817, -3.000
-208.690, 35.857, -3.013
-208.728, 35.899, -3.076
-208.747, 35.931, -3.075
-208.818, 35.967, -3.089
-208.881, 35.847, -2.995
-208.873, 35.898, -2.947
-208.869, 35.860, -2.868
-208.877, 36.002, -2.914
-208.858, 35.897, -2.879
-208.848, 35.960, -2.970
-208.794, 35.858, -2.897
-208.776, 35.805, -2.847
-208.756, 35.764, -2.849
-208.719, 35.688, -2.843
-208.784, 35.782, -2.873
-208.801, 35.824, -2.889
-208.846, 35.865, -2.968
-208.793, 35.727, -2.961
-208.880, 35.742, -2.947
-208.960, 35.712, -2.965
-209.047, 35.852, -3.024
-208.982, 35.879, -3.044
-209.027, 35.823, -3.053
-209.064, 35.867, -3.016
-209.116, 35.867, -2.966
-209.126, 35.790, -2.911
-209.103, 35.698, -2.923
-209.160, 35.703, -2.901
-209.230, 35.909, -2.995
-209.186, 36.007, -3.023
-209.290, 36.075, -3.024
-209.302, 36.063, -3.049
-209.336, 36.062, -3.054
-209.398, 35.978, -3.118
-209.380, 35.869, -3.013
-209.456, 35.877, -3.036
-209.462, 35.874, -2.954
-209.427, 35.893, -2.842
-209.482, 35.913, -2.832
-209.557, 36.146, -3.001
-209.562, 36.162, -2.951
-209.593, 36.150, -2.920
-209.579, 36.204, -2.951
-209.599, 36.298, -3.009
-209.589, 36.296, -3.114
-209.514, 36.150, -3.066
-209.549, 36.110, -3.018
-209.638, 36.123, -3.025
-209.674, 36.258, -3.123
-209.695, 36.175, -3.121
-209.734, 36.212, -3.115
-209.705, 36.158, -3.054
-209.748, 36.129, -3.105
-209.885, 36.264, -3.180
-209.859, 36.362, -3.233
-209.930, 36.326, -3.251
-209.956, 36.387, -3.242
-209.984, 36.320, -3.207
-209.992, 36.320, -3.280
-210.037, 36.236, -3.180
-210.016, 36.238, -3.141
-209.926, 36.181, -3.113
-210.027, 36.173, -3.165
-210.027, 36.273, -3.201
-210.053, 36.362, -3.177
-210.002, 36.224, -3.038
-209.991, 36.217, -3.036
-210.019, 36.365, -3.106
-209.978, 36.420, -3.073
-209.966, 36.399, -3.062
-210.003, 36.460, -3.096
-209.896, 36.500, -3.072
-209.815, 36.640, -3.130
-209.852, 36.750, -3.205
-209.906, 36.754, -3.313
-209.941, 36.745, -3.308
-209.953, 36.640, -3.274
-209.940, 36.655, -3.277
-209.962, 36.763, -3.322
-209.922, 36.684, -3.310
-209.996, 36.575, -3.160
-210.047, 36.433, -3.018
-210.026, 36.237, -2.922
-210.068, 36.141, -2.886
-210.047, 36.141, -2.915
-210.074, 36.152, -2.969
-210.059, 36.181, -2.993
-210.140, 36.218, -3.013
-210.107, 36.104, -2.930
-210.085, 35.865, -2.823
-210.157, 35.938, -2.892
-210.112, 36.081, -2.918
-210.118, 36.066, -2.978
-210.062, 36.076, -2.969
-210.086, 36.074, -3.048
-210.137, 36.060, -3.083
-210.145, 36.066, -3.103
-210.243, 35.995, -3.043
-210.298, 35.965, -3.083
-210.233, 35.934, -3.076
-210.214, 35.939, -3.017
-210.175, 35.933, -3.047
-210.088, 36.010, -3.085
-210.075, 35.933, -3.060
-210.161, 36.066, -3.145
-210.205, 36.099, -3.191
-210.281, 36.185, -3.246
-210.231, 36.156, -3.213
-210.190, 36.232, -3.226
-210.222, 36.256, -3.288
-210.199, 36.276, -3.284
-210.222, 36.224, -3.277
-210.160, 36.229, -3.253
-210.170, 36.356, -3.351
-210.165, 36.317, -3.422
-210.203, 36.240, -3.393
-210.154, 36.138, -3.296
-210.086, 36.049, -3.268
-210.028, 36.069, -3.314
-210.050, 36.036, -3.289
-210.081, 36.090, -3.378
-210.087, 36.077, -3.363
-210.075, 35.989, -3.288
-210.108, 36.070, -3.317
-210.129, 35.983, -3.296
-210.108, 35.963, -3.319
-210.059, 35.922, -3.363
-210.079, 35.795, -3.358
-210.092, 35.872, -3.385
-210.145, 35.885, -3.439
-210.114, 35.844, -3.393
-210.014, 35.825, -3.316
-210.026, 35.890, -3.291
-210.005, 35.921, -3.294
-210.072, 36.045, -3.343
-210.067, 36.023, -3.272
-210.067, 36.083, -3.330
-210.021, 36.100, -3.328
-209.994, 36.179, -3.392
-209.995, 36.214, -3.416
-210.008, 36.359, -3.450
-210.061, 36.418, -3.448
-209.965, 36.395, -3.410
-209.950, 36.323, -3.333
-209.917, 36.349, -3.354
-209.902, 36.374, -3.390
-209.920, 36.267, -3.383
-209.855, 36.200, -3.398
-209.841, 36.141, -3.355
-209.852, 36.151, -3.358
-209.839, 36.096, -3.405
-209.837, 36.065, -3.364
-209.870, 36.042, -3.340
-209.880, 35.953, -3.232
-209.833, 35.941, -3.292
-209.924, 35.986, -3.326
-209.813, 35.936, -3.313
-209.816, 35.875, -3.271
-209.829, 35.903, -3.300
-209.823, 35.884, -3.313
-209.803, 35.895, -3.393
-209.763, 35.980, -3.367
-209.713, 35.909, -3.361
-209.716, 35.943, -3.413
-209.816, 36.105, -3.509
-209.835, 36.166, -3.550
-209.818, 36.109, -3.525
-209.826, 36.172, -3.581
-209.800, 36.096, -3.520
-209.789, 36.027, -3.549
-209.791, 36.034, -3.566
-209.759, 36.012, -3.480
-209.787, 36.096, -3.549
-209.824, 36.172, -3.581
-209.853, 36.246, -3.655
-209.910, 36.199, -3.611
-209.944, 36.214, -3.596
-209.924, 36.130, -3.572
-209.982, 36.223, -3.623
-209.996, 36.116, -3.568
-209.976, 36.022, -3.562
-209.981, 36.045, -3.556
-210.026, 35.982, -3.512
-210.053, 35.971, -3.462
-209.958, 35.975, -3.437
-210.056, 36.108, -3.498
-210.148, 36.230, -3.532
-210.156, 36.177, -3.485
-210.062, 36.136, -3.404
-210.145, 36.195, -3.451
-210.102, 35.992, -3.387
-210.128, 35.914, -3.368
-210.189, 35.852, -3.350
-210.289, 35.978, -3.422
-210.313, 36.033, -3.461
-210.241, 36.010, -3.502
-210.241, 35.889, -3.435
-210.188, 35.866, -3.414
-210.162, 35.730, -3.316
-210.205, 35.704, -3.295
-210.216, 35.684, -3.322
-210.224, 35.792, -3.432
-210.226, 35.751, -3.422
-210.263, 35.840, -3.475
-210.251, 35.785, -3.415
-210.234, 35.770, -3.446
-210.191, 35.776, -3.507
-210.304, 35.852, -3.555
-210.317, 35.715, -3.502
-210.307, 35.663, -3.510
-210.320, 35.630, -3.489
-210.212, 35.697, -3.525
-210.137, 35.615, -3.448
-210.130, 35.587, -3.483
-210.144, 35.720, -3.490
-210.147, 35.777, -3.513
-210.171, 35.881, -3.484
-210.136, 35.912, -3.532
-210.151, 36.031, -3.539
-210.172, 35.912, -3.503
-210.186, 35.822, -3.436
-210.136, 35.730, -3.398
-210.123, 35.807, -3.473
-210.123, 35.820, -3.493
-210.069, 35.827, -3.431
-210.067, 35.883, -3.439
-209.986, 35.703, -3.326
-209.937, 35.622, -3.281
-209.937, 35.554, -3.294
-209.924, 35.472, -3.231
-209.880, 35.496, -3.273
-209.903, 35.475, -3.179
-209.854, 35.504, -3.119
-209.885, 35.495, -3.097
-209.846, 35.415, -3.164
-209.951, 35.511, -3.248
-209.966, 35.518, -3.245
-209.987, 35.487, -3.268
-209.921, 35.433, -3.215
-209.883, 35.664, -3.285
-209.836, 35.478, -3.239
-209.820, 35.388, -3.241
-209.839, 35.332, -3.164
-209.793, 35.357, -3.169
-209.821, 35.369, -3.172
-209.871, 35.390, -3.135
-209.809, 35.348, -3.104
-209.767, 35.265, -3.095
-209.735, 35.272, -3.100
-209.861, 35.405, -3.140
-209.851, 35.436, -3.159
-209.909, 35.418, -3.061
-209.897, 35.345, -3.018
-209.848, 35.332, -2.974
-209.873, 35.254, -2.905
-209.860, 35.271, -2.939
-209.768, 35.277, -2.903
-209.749, 35.323, -2.882
-209.708, 35.375, -3.002
-209.666, 35.332, -3.034
-209.670, 35.225, -2.907
-209.652, 35.221, -2.907
-209.690, 35.176, -2.804
-209.591, 35.103, -2.716
-209.610, 35.087, -2.656
-209.659, 35.316, -2.846
-209.557, 35.182, -2.842
-209.551, 35.159, -2.827
-209.518, 35.192, -2.923
-209.462, 35.226, -2.933
-209.457, 35.209, -2.977
-209.442, 35.319, -3.037
-209.469, 35.234, -3.063
-209.435, 35.180, -3.005
-209.414, 35.115, -3.020
-209.463, 35.262, -3.069
-209.440, 35.245, -3.085
-209.452, 35.182, -2.960
-209.442, 35.190, -2.910
-209.381, 35.183, -2.863
-209.368, 35.209, -2.904
-209.419, 35.352, -2.910
-209.448, 35.481, -2.906
-209.468, 35.434, -2.885
-209.457, 35.446, -2.902
-209.500, 35.526, -2.938
-209.533, 35.371, -2.859
-209.570, 35.414, -2.854
-209.600, 35.385, -2.830
-209.669, 35.526, -2.844
-209.685, 35.593, -2.871
-209.648, 35.531, -2.857
-209.690, 35.538, -2.902
-209.743, 35.693, -3.006
-209.781, 35.703, -3.022
-209.852, 35.822, -3.080
-209.856, 35.839, -3.127
-209.858, 35.984, -3.134
-209.802, 35.923, -3.143
-209.848, 35.946, -3.116
-209.841, 35.949, -3.092
-209.687, 36.132, -1.733
-217.563, 31.229, 16.034
-235.663, 35.894, 31.754
-247.014, 54.999, 37.859
-241.325, 73.542, 41.130
-249.884, 88.093, 31.091
-247.713, 96.246, 30.863
-174.618, 98.450,103.820
-146.139, 96.288,135.595
-121.579, 93.631,166.559
-93.863, 94.533,205.278
-80.654, 92.439,228.875
-88.055, 86.463,233.378
-96.262, 81.649,232.091
-95.380, 80.645,238.871
-96.848, 77.767,239.795
-89.151, 76.596,247.441
-89.407, 76.690,247.008
-88.254, 76.290,249.387
-88.199, 74.204,252.185
-89.822, 73.175,252.171
-89.819, 72.424,253.780
-89.593, 71.531,255.139
-90.429, 70.891,255.395
-90.060, 69.786,256.399
-88.728, 68.753,257.926
-84.432, 69.089,262.184
-87.052, 68.392,257.952
-80.661, 64.032,262.127
-83.435, 61.419,254.607
-81.796, 61.939,238.087
-86.580, 54.546,215.345
-88.009, 54.381,208.974
-88.294, 55.825,200.500
-86.042, 64.425,196.650
-101.316, 74.545,177.328
-109.651, 73.956,170.925
-116.866, 73.104,165.488
-122.714, 73.277,161.034
-126.926, 71.949,158.362
-130.346, 71.479,155.779
-133.759, 70.609,153.440
-136.641, 69.527,151.647
-139.416, 68.403,149.750
-142.419, 67.879,147.674
-144.629, 66.749,146.532
-146.739, 65.508,145.854
-148.830, 64.874,145.040
-150.566, 63.990,144.519
-152.161, 63.256,144.359
-153.488, 62.802,144.215
-154.932, 62.437,143.688
-156.379, 62.013,143.126
-157.836, 61.677,142.704
-158.929, 61.578,142.445
-159.820, 61.321,142.632
-160.945, 61.170,142.489
-161.914, 61.186,142.331
-163.166, 60.940,142.034
-164.343, 60.616,141.808
-165.440, 60.567,141.543
-166.307, 60.549,141.334
-167.217, 60.714,140.964
-167.944, 60.915,140.932
-168.459, 60.815,141.072
-168.921, 60.642,141.275
-169.426, 60.370,141.486
-170.057, 60.359,141.540
-170.580, 60.188,141.690
-171.153, 60.437,142.065
-171.653, 60.566,142.502
-172.188, 60.752,142.809
-172.718, 60.743,143.169
-173.109, 60.894,143.341
-173.543, 61.323,143.639
-173.927, 61.593,143.896
-174.524, 61.748,143.934
-175.140, 61.851,143.913
-175.625, 61.992,143.991
-176.092, 61.829,144.028
-176.453, 61.986,144.372
-176.642, 62.037,144.800
-176.956, 62.402,145.124
-177.253, 62.711,145.487
-178.061, 63.778,145.382
-179.087, 64.000,144.779
-179.807, 64.105,144.958
-179.874, 64.033,145.903
-180.479, 64.009,146.655
-180.872, 63.875,147.636
-180.379, 63.575,148.983
-179.877, 63.238,150.075
-179.645, 62.777,151.015
-179.406, 62.385,151.666
-179.426, 62.270,152.379
-179.306, 62.188,153.290
-179.242, 62.068,154.212
-178.382, 62.061,156.351
-177.765, 62.295,158.650
-176.743, 63.634,161.885
-176.069, 64.542,164.410
-174.214, 66.030,168.633
-173.381, 66.551,172.097
-168.092, 61.967,176.946
-169.549, 51.851,180.120
-188.986, 35.171,174.001
-220.081, 25.481,169.741
-242.815, 37.078,165.432
-259.564, 61.458,147.530
-225.944, 87.847,175.094
-162.468, 74.219,231.352
-153.955, 52.667,233.625
-150.605, 38.093,229.249
-148.895, 29.940,225.706
-143.131, 25.027,226.299
-140.577, 18.517,226.067
-140.462, 15.167,223.176
-141.191, 13.237,218.250
-141.909, 13.921,211.597
-143.050, 15.579,205.000
-145.612, 16.634,198.324
-148.390, 17.565,191.100
-151.424, 18.214,184.116
-155.653, 18.242,177.083
-163.117, 18.160,168.439
-177.553, 15.191,157.860
-194.270, 15.995,152.439
-207.525, 17.240,160.153
-215.481, 18.039,169.243
-219.984, 20.684,181.083
-222.062, 27.741,190.345
-221.039, 33.605,199.340
-221.109, 37.633,206.140
-219.751, 41.575,212.155
-219.018, 44.590,216.774
-216.644, 46.442,220.458
-214.277, 49.199,222.694
-212.738, 52.009,223.305
-211.568, 54.135,222.697
-211.370, 56.431,219.948
-211.591, 59.128,217.749
-213.337, 61.218,215.146
-214.629, 62.993,213.463
-214.464, 64.018,212.778
-214.290, 65.148,211.883
-214.894, 65.814,211.291
-213.481, 66.323,211.788
-214.335, 66.839,210.114
-214.414, 67.467,209.000
-214.803, 68.010,207.519
-215.227, 68.493,206.378
-216.075, 68.994,204.988
-216.439, 69.287,203.874
-216.941, 69.508,202.414
-217.294, 69.631,201.338
-217.816, 69.902,200.292
-218.090, 70.053,199.439
-218.265, 70.277,198.683
-218.785, 70.388,197.402
-218.949, 70.333,196.483
-219.509, 70.309,195.394
-219.311, 70.344,195.132
-219.919, 70.224,193.702
-220.063, 70.100,192.985
-219.528, 70.317,193.112
-219.688, 70.298,192.275
-220.219, 70.327,191.456
-220.198, 70.453,190.987
-220.435, 70.280,190.143
-220.339, 70.255,189.768
-220.437, 70.225,189.022
-220.737, 70.140,188.174
-220.524, 70.023,187.812
-220.493, 69.892,187.033
-220.244, 69.708,186.773
-220.333, 69.446,186.125
-219.961, 69.291,186.041
-219.784, 69.019,185.642
-219.719, 68.773,185.167
-219.496, 68.584,184.752
-219.315, 68.450,184.383
-219.179, 68.432,184.077
-219.028, 68.210,183.688
-217.945, 68.272,184.028
-218.866, 67.614,181.106
-218.298, 67.282,180.560
-223.377, 68.755,174.909
-222.391, 69.042,175.203
-220.755, 68.748,176.284
-219.533, 68.127,177.542
-218.723, 67.384,178.144
-218.297, 67.050,177.814
-217.304, 66.351,178.486
-216.930, 65.777,178.651
-216.473, 65.318,178.817
-215.688, 65.281,179.165
-215.900, 65.084,178.786
-215.486, 64.809,178.900
-214.934, 64.401,178.920
-214.268, 63.347,178.913
-212.691, 63.139,180.481
-211.765, 61.281,180.330
-211.019, 62.172,181.218
-208.467, 63.963,183.551
-208.312, 64.392,183.987
-207.912, 64.709,185.096
-207.774, 64.340,185.245
-207.212, 64.598,185.742
-206.918, 64.957,186.096
-206.680, 65.458,186.367
-206.528, 65.656,186.476
-206.563, 65.931,186.338
-206.691, 66.053,186.085
-206.647, 66.121,185.910
-206.388, 66.238,186.168
-206.281, 66.344,186.074
-206.101, 66.431,186.235
-205.967, 66.433,186.284
-205.813, 66.509,186.224
-205.762, 66.615,186.144
-205.486, 66.690,186.354
-205.384, 66.719,186.415
-205.193, 66.891,186.507
-205.134, 66.835,186.499
-205.094, 66.865,186.510
-204.899, 66.985,186.865
-205.022, 66.867,186.596
-204.778, 66.955,186.722
-204.886, 67.199,186.566
-204.929, 67.230,186.529
-205.070, 67.098,186.309
-204.923, 66.982,186.528
-204.841, 67.121,186.614
-204.830, 67.104,186.712
-204.630, 67.035,186.794
-204.589, 67.143,186.585
-204.998, 67.097,186.166
-205.000, 67.078,186.088
-204.787, 67.131,186.261
-204.844, 67.080,186.234
-204.607, 67.141,186.427
-204.450, 67.161,186.439
-204.470, 67.228,186.298
-204.849, 67.336,186.039
-204.550, 67.260,186.130
-204.561, 67.293,185.966
-204.497, 67.260,185.888
-204.247, 67.375,186.081
-204.157, 67.258,186.116
-204.066, 67.303,186.387
-204.144, 67.190,186.307
-204.294, 67.120,186.136
-204.408, 67.168,185.799
-204.470, 67.210,185.675
-204.473, 67.189,185.533
-204.405, 67.193,185.839
-204.522, 66.840,185.742
-204.303, 67.024,186.124
-204.105, 67.120,186.274
-204.107, 67.095,186.351
-204.013, 67.193,186.465
-204.111, 67.309,186.423
-204.123, 67.205,186.393
-204.088, 67.120,186.505
-203.968, 67.099,186.661
-204.105, 66.946,186.383
-204.063, 66.960,186.464
-204.061, 67.173,186.718
-204.034, 66.846,186.888
-204.585, 66.623,186.543
-203.376, 66.536,187.575
-202.034, 66.487,188.667
-197.019, 63.825,193.941
-191.637, 57.672,199.498
-192.480, 49.059,201.036
-208.903, 34.415,195.538
-239.072, 34.582,191.231
-256.933, 53.677,185.733
-268.114, 81.451,166.478
-166.516, 83.046,263.383
-159.253, 54.822,269.786
-165.989, 39.204,265.235
-170.382, 32.151,258.350
-179.044, 22.207,248.289
-180.454,  8.443,245.579
-183.123, -6.265,243.840
-180.908, -9.358,237.584
-179.318, -9.063,229.960
-178.947,-11.406,223.172
-178.011,-13.961,215.816
-176.667,-14.953,208.445
-176.429,-14.818,200.990
-177.645,-12.146,193.603
-184.433, -7.677,187.149
-197.118, -0.923,184.804
-212.898,  9.526,185.084
-232.127, 19.225,186.694
-242.277, 24.403,195.600
-248.064, 29.511,206.143
-251.617, 33.208,217.140
-252.352, 33.328,227.697
-251.857, 32.089,236.951
-249.806, 32.510,243.620
-247.616, 33.906,247.809
-245.214, 37.002,250.177
-242.630, 40.546,251.957
-240.772, 44.926,253.274
-240.509, 49.103,252.352
-240.307, 51.954,250.716
-237.742, 55.879,249.962
-237.586, 59.202,248.076
-242.118, 62.087,241.435
-240.084, 62.596,239.467
-239.402, 62.346,237.014
-233.722, 66.131,238.840
-231.705, 68.303,236.849
-230.398, 70.800,235.219
-234.466, 72.325,228.441
-237.551, 74.676,222.581
-239.334, 75.162,218.524
-239.297, 74.368,217.018
-241.636, 74.023,212.218
-243.195, 74.794,207.591
-241.551, 75.026,208.043
-239.737, 74.517,210.732
-240.852, 74.503,212.206
-243.556, 74.657,209.555
-241.248, 73.482,211.921
-245.703, 73.502,206.974
-242.849, 74.828,207.419
-241.101, 73.208,210.895
-238.786, 72.092,214.279
-236.756, 71.474,217.160
-234.549, 70.936,219.879
-232.539, 70.317,221.552
-231.190, 69.902,222.351
-229.682, 69.723,223.290
-228.518, 69.611,223.733
-227.230, 69.480,224.431
-225.976, 69.482,225.328
-225.004, 69.271,225.885
-223.758, 69.210,226.592
-222.683, 68.982,227.024
-222.158, 68.790,226.976
-221.270, 68.846,227.205
-220.693, 68.578,227.360
-220.157, 68.398,227.720
-219.706, 68.265,227.791
-218.930, 68.193,228.186
-217.879, 68.227,228.859
-217.534, 68.104,229.015
-217.484, 67.994,228.664
-216.935, 67.771,228.908
-216.310, 67.595,229.057
-216.042, 67.358,228.768
-215.432, 67.255,228.999
-215.435, 66.977,228.616
-215.518, 66.896,228.179
-215.121, 66.758,228.091
-214.729, 66.663,228.109
-214.138, 66.454,228.402
-214.071, 66.239,228.007
-213.887, 66.097,227.782
-213.785, 65.929,227.384
-213.594, 65.731,227.124
-213.063, 65.696,227.319
-212.584, 65.617,227.525
-212.178, 65.521,227.547
-212.053, 65.361,227.152
-211.978, 65.242,226.678
-211.748, 65.252,226.431
-211.449, 65.093,226.229
-211.149, 65.004,226.129
-210.778, 64.861,226.164
-210.375, 64.845,226.195
-210.410, 64.722,225.507
-210.314, 64.563,225.197
-209.967, 64.472,225.120
-209.626, 64.319,224.929
-209.164, 64.338,225.058
-208.757, 64.361,225.185
-208.517, 64.448,225.205
-207.977, 64.227,225.433
-208.336, 64.023,224.793
-208.369, 63.699,223.941
-206.936, 62.224,222.573
-203.441, 62.313,224.119
-200.815, 62.283,224.310
-195.891, 62.066,228.331
-192.840, 59.386,232.821
-198.048, 54.185,234.738
-222.720, 51.613,233.135
-260.750, 61.327,217.542
-217.615, 91.870,252.040
-167.602, 68.664,290.889
-157.558, 38.548,291.134
-159.869,  5.699,293.159
-161.267,-12.063,294.653
-171.207,-22.626,305.366
-174.947,-26.064,313.216
-173.353,-23.277,319.133
-178.563,-17.509,331.836
-176.390,-14.291,339.768
-175.175,-11.071,-12.632
-172.478, -8.641, -7.935
-168.544, -5.201, -2.638
-153.954,  1.707,  3.565
-138.431,  9.106, 14.206
-129.630, 10.463, 27.415
-126.356, 11.267, 39.536
-124.583, 14.046, 48.404
-122.052, 16.234, 56.805
-122.912, 22.139, 66.722
-121.848, 28.332, 75.175
-122.175, 35.145, 77.146
-126.963, 41.242, 73.553
-128.331, 43.436, 71.995
-131.883, 46.126, 71.385
-131.513, 47.989, 71.430
-129.983, 51.914, 74.367
-127.653, 54.462, 78.115
-125.058, 56.015, 82.510
-124.378, 58.110, 81.803
-124.090, 62.477, 79.467
-122.666, 65.810, 80.454
-120.232, 66.766, 83.096
-118.089, 67.948, 85.992
-115.927, 68.903, 88.781
-113.731, 69.830, 91.325
-111.565, 70.981, 93.837
-108.395, 71.927, 97.253
-105.904, 72.528, 99.743
-102.928, 73.095,102.874
-100.244, 73.693,105.993
-97.345, 74.453,109.221
-94.623, 74.817,112.262
-92.675, 75.251,114.483
-90.974, 75.400,116.507
-89.617, 75.578,118.165
-88.133, 75.769,119.876
-86.528, 76.075,121.855
-85.512, 76.076,123.282
-84.508, 76.271,124.704
-83.225, 76.550,126.111
-81.681, 76.942,127.754
-80.231, 77.489,129.363
-78.805, 77.852,130.882
-77.717, 77.905,132.049
-76.843, 77.814,133.257
-75.603, 78.142,134.819
-74.847, 78.301,136.038
-73.907, 78.495,137.421
-72.795, 78.778,138.805
-71.961, 78.851,139.923
-70.796, 78.931,141.362
-70.669, 78.974,141.843
-70.143, 78.971,142.754
-69.137, 79.054,144.156
-68.790, 79.277,144.864
-68.654, 79.439,145.339
-68.222, 79.549,146.103
-68.175, 79.707,146.378
-67.691, 79.829,147.060
-67.222, 79.734,147.765
-67.492, 79.486,147.903
-67.546, 79.510,148.245
-67.161, 79.404,148.938
-67.281, 79.388,149.151
-68.140, 79.097,148.673
-68.454, 78.919,148.722
-68.604, 78.884,148.865
-68.775, 78.785,149.049
-68.929, 78.482,149.182
-69.542, 78.010,149.045
-69.657, 77.878,149.289
-70.021, 77.990,149.323
-70.390, 77.823,149.416
-71.147, 77.557,149.024
-71.663, 77.252,149.043
-72.314, 77.036,148.760
-72.418, 77.321,148.973
-72.453, 77.318,149.216
-72.908, 77.404,149.124
-73.695, 77.168,148.838
-74.507, 77.013,148.355
-74.809, 77.163,148.370
-75.022, 77.371,148.367
-75.514, 77.172,148.182
-76.321, 77.045,147.812
-76.730, 77.142,147.808
-77.148, 76.829,148.054
-78.059, 76.525,147.912
-78.085, 76.741,148.452
-78.080, 76.772,148.895
-77.544, 77.002,149.560
-76.741, 77.758,150.194
-80.200, 77.947,146.341
-85.500, 77.197,140.600
-86.714, 77.695,138.059
-81.763, 79.040,142.690
-72.239, 74.336,156.331
-86.722, 47.031,155.191
-113.798, 11.315,156.818
-139.007,  2.335,144.117
-140.141, 28.893,165.814
-111.342, 44.449,182.654
-81.639, 44.970,201.202
-79.152, 32.446,197.733
-75.479, 20.625,192.941
-74.010, 16.656,187.564
-73.475, 16.708,184.633
-76.443, 17.596,180.355
-81.824, 18.769,173.485
-86.852, 19.393,167.710
-92.169, 21.978,163.191
-97.872, 24.715,158.975
-104.246, 24.957,154.139
-110.784, 25.756,149.694
-117.390, 27.117,146.561
-123.642, 28.364,143.970
-128.008, 28.119,145.088
-133.570, 25.158,146.808
-140.585, 23.967,145.705
-151.621, 24.901,146.249
-161.793, 26.307,151.835
-168.201, 32.100,158.286
-173.071, 38.651,163.685
-177.897, 42.439,169.755
-181.568, 43.937,175.755
-184.527, 45.524,181.559
-186.542, 48.657,188.439
-188.206, 52.056,194.461
-189.460, 53.893,200.380
-190.473, 55.102,204.342
-190.239, 56.204,205.277
-189.521, 56.560,204.863
-189.651, 56.408,203.742
-189.241, 57.292,202.195
-188.520, 59.148,201.676
-186.124, 57.526,205.025
-190.250, 59.009,205.133
-194.672, 58.927,203.254
-196.048, 59.911,201.535
-197.887, 59.717,200.595
-196.497, 60.090,200.520
-196.101, 59.500,200.627
-195.255, 59.078,201.221
-194.160, 58.558,201.453
-193.236, 58.691,201.876
-192.242, 58.979,202.665
-191.732, 59.277,203.085
-191.209, 59.760,203.561
-190.772, 60.061,203.974
-190.802, 60.393,203.939
-190.805, 60.611,203.915
-190.596, 60.956,204.148
-190.547, 61.273,204.384
-190.639, 61.447,204.503
-190.751, 61.619,204.378
-190.951, 61.788,204.031
-190.868, 61.932,204.009
-190.815, 61.830,203.887
-190.681, 62.022,203.896
-190.924, 62.016,203.959
-190.783, 62.171,204.122
-190.824, 62.329,203.964
-191.028, 62.472,203.868
-190.889, 62.449,203.920
-191.158, 62.266,203.867
-190.997, 62.324,203.915
-190.786, 62.578,204.179
-190.714, 62.698,204.322
-190.337, 62.884,205.019
-190.227, 62.710,205.082
-190.166, 62.688,205.086
-190.094, 62.559,205.060
-190.053, 62.379,204.986
-190.107, 62.417,205.155
-190.230, 62.214,205.113
-190.027, 62.212,205.470
-190.183, 62.061,205.294
-190.347, 62.092,204.963
-190.353, 62.128,205.217
-191.024, 62.200,204.608
-191.524, 62.452,204.281
-192.020, 62.658,204.276
-191.773, 62.554,204.981
-190.912, 62.774,206.254
-189.308, 62.754,207.906
-188.327, 62.270,208.831
-187.146, 62.107,209.923
-186.901, 61.768,210.199
-187.059, 61.402,210.088
-186.820, 60.905,208.692
-186.858, 60.758,207.218
-186.445, 60.601,206.738
-185.504, 60.349,207.375
-186.328, 60.512,205.829
-186.614, 62.325,204.621
-189.125, 63.421,202.008
-190.974, 64.317,200.453
-193.793, 64.240,198.348
-198.710, 60.288,196.268
-211.872, 51.171,190.852
-245.360, 35.969,192.463
-266.845, 50.840,163.510
-285.533, 73.880,159.067
-196.671, 79.229,247.613
-170.134, 56.031,272.133
-173.355, 35.143,269.186
-176.256, 15.431,258.323
-179.490,  0.077,248.663
-176.717, -9.646,239.765
-173.838,-10.750,238.277
-174.350, -4.483,234.947
-180.398, -0.246,230.997
-183.449,  4.704,230.605
-183.734, 13.631,230.830
-185.429, 21.644,226.628
-194.241, 29.250,220.167
-200.987, 32.581,215.767
-204.377, 35.426,212.041
-206.502, 38.227,209.107
-208.800, 38.615,205.147
-205.959, 42.620,206.002
-202.278, 45.584,210.828
-195.649, 51.161,221.899
-193.677, 54.990,226.718
-196.562, 58.047,228.792
-194.495, 59.597,238.973
-196.931, 58.226,235.312
-197.299, 58.875,235.958
-198.203, 59.730,236.472
-199.023, 60.927,236.800
-200.267, 61.657,236.429
-197.895, 62.490,239.186
-198.380, 62.931,238.841
-200.338, 60.092,236.737
-199.869, 61.100,235.068
-203.269, 61.288,230.035
-204.675, 60.981,227.166
-204.409, 60.924,225.725
-204.688, 60.989,223.815
-204.176, 62.290,222.632
-205.201, 63.675,220.148
-205.753, 63.949,219.444
-205.852, 64.555,219.782
-206.263, 65.160,220.198
-206.322, 65.667,220.151
-205.834, 66.212,220.252
-205.649, 66.770,219.595
-206.624, 67.354,217.649
-208.726, 67.864,215.003
-209.234, 68.361,214.313
-209.897, 68.272,213.188
-210.083, 68.309,212.468
-210.345, 68.286,211.558
-210.303, 68.282,211.249
-211.395, 68.278,209.727
-211.703, 68.294,209.143
-212.346, 68.135,208.199
-213.485, 67.782,206.389
-214.112, 67.585,204.748
-214.080, 67.012,204.205
-213.709, 66.417,203.402
-213.786, 65.850,201.963
-213.069, 66.368,201.310
-212.592, 66.613,200.866
-211.886, 66.416,201.199
-211.633, 66.305,200.856
-211.382, 66.287,200.223
-211.153, 65.933,199.937
-210.191, 65.575,200.138
-209.193, 65.981,200.816
